-------------------------------------------------------------------------------
Test set: TestSuite
-------------------------------------------------------------------------------
Tests run: 3, Failures: 1, Errors: 0, Skipped: 0, Time elapsed: 5.743 s <<< FAILURE! - in TestSuite
testone(Test.LoginTest)  Time elapsed: 0.007 s  <<< FAILURE!
java.lang.NullPointerException: Cannot invoke "io.appium.java_client.android.AndroidDriver.findElement(org.openqa.selenium.By)" because "this.driver" is null
	at Test.LoginTest.testone(LoginTest.java:11)

